<?xml version="1.0" encoding="UTF-8"?>
<!-- Generated by org.testng.reporters.JUnitXMLReporter -->
<testsuite ignored="0" hostname="EPINHYDW0963" failures="0" tests="3" name="Credit Cards" time="0.007" errors="0" timestamp="2024-07-15T18:14:04 IST">
  <testcase classname="TestNGFramework.CreditCards" name="masterCards" time="0.001"/>
  <testcase classname="TestNGFramework.CreditCards" name="paymentDues" time="0.001"/>
  <testcase classname="TestNGFramework.CreditCards" name="visaCards" time="0.0"/>
</testsuite> <!-- Credit Cards -->
