<?xml version="1.0" encoding="UTF-8"?>
<!-- Generated by org.testng.reporters.JUnitXMLReporter -->
<testsuite ignored="1" hostname="EPINHYDW0963" failures="0" tests="1" name="Personal Loans" time="0.002" errors="0" timestamp="2024-07-15T18:14:04 IST">
  <testcase classname="TestNGFramework.PersonalLoan" name="smallAmount" time="0.001"/>
  <testcase classname="TestNGFramework.PersonalLoan" name="largeAmount" time="0.0">
    <ignored/>
  </testcase> <!-- largeAmount -->
</testsuite> <!-- Personal Loans -->
