<?xml version="1.0" encoding="UTF-8"?>
<!-- Generated by org.testng.reporters.JUnitXMLReporter -->
<testsuite ignored="0" hostname="EPINHYDW0963" failures="0" tests="5" name="Savings Account" time="0.037" errors="0" timestamp="2024-07-15T18:14:04 IST">
  <testcase classname="TestNGFramework.SavingsAccount" name="Login" time="0.004"/>
  <testcase classname="TestNGFramework.SavingsAccount" name="Login" time="0.001"/>
  <testcase classname="TestNGFramework.SavingsAccount" name="Login" time="0.001"/>
  <testcase classname="TestNGFramework.SavingsAccount" name="accountSummary" time="0.001"/>
  <testcase classname="TestNGFramework.SavingsAccount" name="logout" time="0.0"/>
</testsuite> <!-- Savings Account -->
