<?xml version="1.0" encoding="UTF-8"?>
<!-- Generated by org.testng.reporters.JUnitXMLReporter -->
<testsuite ignored="0" hostname="EPINHYDW0963" failures="0" tests="8" name="Test" time="0.047" errors="0" timestamp="2024-07-15T13:31:30 IST">
  <testcase classname="TestNGFramework.PersonalLoan" name="largeAmount" time="0.007"/>
  <testcase classname="TestNGFramework.PersonalLoan" name="smallAmount" time="0.007"/>
  <testcase classname="TestNGFramework.SavingsAccount" name="logout" time="0.007"/>
  <testcase classname="TestNGFramework.SavingsAccount" name="Login" time="0.007"/>
  <testcase classname="TestNGFramework.SavingsAccount" name="accountSummary" time="0.009"/>
  <testcase classname="TestNGFramework.CreditCards" name="paymentDues" time="0.002"/>
  <testcase classname="TestNGFramework.CreditCards" name="visaCards" time="0.002"/>
  <testcase classname="TestNGFramework.CreditCards" name="masterCards" time="0.008"/>
</testsuite> <!-- Test -->
