<?xml version="1.0" encoding="UTF-8"?>
<testng-results ignored="1" total="10" passed="9" failed="0" skipped="0">
  <reporter-output>
  </reporter-output>
  <suite started-at="2024-07-15T18:14:04 IST" name="Suite" finished-at="2024-07-15T18:14:04 IST" duration-ms="107">
    <groups>
    </groups>
    <test started-at="2024-07-15T18:14:04 IST" name="Savings Account" finished-at="2024-07-15T18:14:04 IST" duration-ms="37">
      <class name="TestNGFramework.SavingsAccount">
        <test-method signature="Login(java.lang.String,java.lang.String)[pri:0, instance:TestNGFramework.SavingsAccount@15bbf42f]" started-at="2024-07-15T18:14:04 IST" name="Login" data-provider="getData" finished-at="2024-07-15T18:14:04 IST" duration-ms="4" status="PASS">
          <params>
            <param index="0">
              <value>
                <![CDATA[1st Username]]>
              </value>
            </param>
            <param index="1">
              <value>
                <![CDATA[password]]>
              </value>
            </param>
          </params>
          <reporter-output>
          </reporter-output>
        </test-method> <!-- Login -->
        <test-method signature="Login(java.lang.String,java.lang.String)[pri:0, instance:TestNGFramework.SavingsAccount@15bbf42f]" started-at="2024-07-15T18:14:04 IST" name="Login" data-provider="getData" finished-at="2024-07-15T18:14:04 IST" duration-ms="1" status="PASS">
          <params>
            <param index="0">
              <value>
                <![CDATA[2nd Username]]>
              </value>
            </param>
            <param index="1">
              <value>
                <![CDATA[password]]>
              </value>
            </param>
          </params>
          <reporter-output>
          </reporter-output>
        </test-method> <!-- Login -->
        <test-method signature="Login(java.lang.String,java.lang.String)[pri:0, instance:TestNGFramework.SavingsAccount@15bbf42f]" started-at="2024-07-15T18:14:04 IST" name="Login" data-provider="getData" finished-at="2024-07-15T18:14:04 IST" duration-ms="1" status="PASS">
          <params>
            <param index="0">
              <value>
                <![CDATA[3rd Username]]>
              </value>
            </param>
            <param index="1">
              <value>
                <![CDATA[password]]>
              </value>
            </param>
          </params>
          <reporter-output>
          </reporter-output>
        </test-method> <!-- Login -->
        <test-method signature="accountSummary()[pri:0, instance:TestNGFramework.SavingsAccount@15bbf42f]" started-at="2024-07-15T18:14:04 IST" name="accountSummary" finished-at="2024-07-15T18:14:04 IST" duration-ms="1" status="PASS">
          <reporter-output>
          </reporter-output>
        </test-method> <!-- accountSummary -->
        <test-method signature="logout(java.lang.String)[pri:0, instance:TestNGFramework.SavingsAccount@15bbf42f]" started-at="2024-07-15T18:14:04 IST" name="logout" finished-at="2024-07-15T18:14:04 IST" duration-ms="0" status="PASS">
          <params>
            <param index="0">
              <value>
                <![CDATA[www.bablu.com]]>
              </value>
            </param>
          </params>
          <reporter-output>
          </reporter-output>
        </test-method> <!-- logout -->
      </class> <!-- TestNGFramework.SavingsAccount -->
    </test> <!-- Savings Account -->
    <test started-at="2024-07-15T18:14:04 IST" name="Credit Cards" finished-at="2024-07-15T18:14:04 IST" duration-ms="7">
      <class name="TestNGFramework.CreditCards">
        <test-method signature="masterCards(java.lang.String)[pri:0, instance:TestNGFramework.CreditCards@21e360a]" started-at="2024-07-15T18:14:04 IST" name="masterCards" finished-at="2024-07-15T18:14:04 IST" duration-ms="1" status="PASS">
          <params>
            <param index="0">
              <value>
                <![CDATA[www.bablu.com]]>
              </value>
            </param>
          </params>
          <reporter-output>
          </reporter-output>
        </test-method> <!-- masterCards -->
        <test-method signature="paymentDues()[pri:0, instance:TestNGFramework.CreditCards@21e360a]" started-at="2024-07-15T18:14:04 IST" name="paymentDues" finished-at="2024-07-15T18:14:04 IST" duration-ms="1" status="PASS">
          <reporter-output>
          </reporter-output>
        </test-method> <!-- paymentDues -->
        <test-method signature="visaCards()[pri:0, instance:TestNGFramework.CreditCards@21e360a]" started-at="2024-07-15T18:14:04 IST" name="visaCards" finished-at="2024-07-15T18:14:04 IST" duration-ms="0" status="PASS">
          <reporter-output>
          </reporter-output>
        </test-method> <!-- visaCards -->
      </class> <!-- TestNGFramework.CreditCards -->
    </test> <!-- Credit Cards -->
    <test started-at="2024-07-15T18:14:04 IST" name="Personal Loans" finished-at="2024-07-15T18:14:04 IST" duration-ms="2">
      <class name="TestNGFramework.PersonalLoan">
        <test-method signature="smallAmount()[pri:0, instance:TestNGFramework.PersonalLoan@6392827e]" started-at="2024-07-15T18:14:04 IST" name="smallAmount" finished-at="2024-07-15T18:14:04 IST" duration-ms="1" status="PASS">
          <reporter-output>
          </reporter-output>
        </test-method> <!-- smallAmount -->
      </class> <!-- TestNGFramework.PersonalLoan -->
    </test> <!-- Personal Loans -->
  </suite> <!-- Suite -->
</testng-results>
